Release 14.7 Map P.20131013 (nt64)
Xilinx Mapping Report File for Design 'iterative_1d'

Design Information
------------------
Command Line   : map -intstyle ise -p xc3s1000-ft256-5 -cm area -ir off -pr off
-c 100 -o iterative_1d_map.ncd iterative_1d.ngd iterative_1d.pcf 
Target Device  : xc3s1000
Target Package : ft256
Target Speed   : -5
Mapper Version : spartan3 -- $Revision: 1.55 $
Mapped Date    : Tue Nov 14 16:14:14 2017

Design Summary
--------------
Number of errors:      0
Number of warnings:    1
Logic Utilization:
  Number of 4 input LUTs:               300 out of  15,360    1%
Logic Distribution:
  Number of occupied Slices:            158 out of   7,680    2%
    Number of Slices containing only related logic:     158 out of     158 100%
    Number of Slices containing unrelated logic:          0 out of     158   0%
      *See NOTES below for an explanation of the effects of unrelated logic.
  Total Number of 4 input LUTs:         301 out of  15,360    1%
    Number used as logic:               300
    Number used as a route-thru:          1

  The Slice Logic Distribution report is not meaningful if the design is
  over-mapped for a non-slice resource or if Placement fails.

  Number of bonded IOBs:                 37 out of     173   21%

Average Fanout of Non-Clock Nets:                3.63

Peak Memory Usage:  243 MB
Total REAL time to MAP completion:  1 secs 
Total CPU time to MAP completion:   1 secs 

NOTES:

   Related logic is defined as being logic that shares connectivity - e.g. two
   LUTs are "related" if they share common inputs.  When assembling slices,
   Map gives priority to combine logic that is related.  Doing so results in
   the best timing performance.

   Unrelated logic shares no connectivity.  Map will only begin packing
   unrelated logic into a slice once 99% of the slices are occupied through
   related logic packing.

   Note that once logic distribution reaches the 99% level through related
   logic packing, this does not mean the device is completely utilized.
   Unrelated logic packing will then begin, continuing until all usable LUTs
   and FFs are occupied.  Depending on your timing budget, increased levels of
   unrelated logic packing may adversely affect the overall timing performance
   of your design.

Table of Contents
-----------------
Section 1 - Errors
Section 2 - Warnings
Section 3 - Informational
Section 4 - Removed Logic Summary
Section 5 - Removed Logic
Section 6 - IOB Properties
Section 7 - RPMs
Section 8 - Guide Report
Section 9 - Area Group and Partition Summary
Section 10 - Timing Report
Section 11 - Configuration String Information
Section 12 - Control Set Information
Section 13 - Utilization by Hierarchy

Section 1 - Errors
------------------

Section 2 - Warnings
--------------------
WARNING:Pack:266 - The function generator
   cell_generation[23].i_cell/count_out<1>128 failed to merge with F5
   multiplexer cell_generation[25].i_cell/count_out<1>83_SW0_SW0_f5.  There is a
   conflict for the FXMUX.  The design will exhibit suboptimal timing.

Section 3 - Informational
-------------------------
INFO:MapLib:562 - No environment variables are currently set.
INFO:LIT:244 - All of the single ended outputs in this design are using slew
   rate limited output drivers. The delay on speed critical single ended outputs
   can be dramatically reduced by designating them as fast outputs.

Section 4 - Removed Logic Summary
---------------------------------
   1 block(s) optimized away

Section 5 - Removed Logic
-------------------------

Optimized Block(s):
TYPE 		BLOCK
GND 		XST_GND

To enable printing of redundant blocks removed and signals merged, set the
detailed map report option and rerun map.

Section 6 - IOB Properties
--------------------------

+---------------------------------------------------------------------------------------------------------------------------------------------------------+
| IOB Name                           | Type             | Direction | IO Standard          | Diff  | Drive    | Slew | Reg (s)      | Resistor | IOB      |
|                                    |                  |           |                      | Term  | Strength | Rate |              |          | Delay    |
+---------------------------------------------------------------------------------------------------------------------------------------------------------+
| din<0>                             | IOB              | INPUT     | LVCMOS25             |       |          |      |              |          |          |
| din<1>                             | IOB              | INPUT     | LVCMOS25             |       |          |      |              |          |          |
| din<2>                             | IOB              | INPUT     | LVCMOS25             |       |          |      |              |          |          |
| din<3>                             | IOB              | INPUT     | LVCMOS25             |       |          |      |              |          |          |
| din<4>                             | IOB              | INPUT     | LVCMOS25             |       |          |      |              |          |          |
| din<5>                             | IOB              | INPUT     | LVCMOS25             |       |          |      |              |          |          |
| din<6>                             | IOB              | INPUT     | LVCMOS25             |       |          |      |              |          |          |
| din<7>                             | IOB              | INPUT     | LVCMOS25             |       |          |      |              |          |          |
| din<8>                             | IOB              | INPUT     | LVCMOS25             |       |          |      |              |          |          |
| din<9>                             | IOB              | INPUT     | LVCMOS25             |       |          |      |              |          |          |
| din<10>                            | IOB              | INPUT     | LVCMOS25             |       |          |      |              |          |          |
| din<11>                            | IOB              | INPUT     | LVCMOS25             |       |          |      |              |          |          |
| din<12>                            | IOB              | INPUT     | LVCMOS25             |       |          |      |              |          |          |
| din<13>                            | IOB              | INPUT     | LVCMOS25             |       |          |      |              |          |          |
| din<14>                            | IOB              | INPUT     | LVCMOS25             |       |          |      |              |          |          |
| din<15>                            | IOB              | INPUT     | LVCMOS25             |       |          |      |              |          |          |
| din<16>                            | IOB              | INPUT     | LVCMOS25             |       |          |      |              |          |          |
| din<17>                            | IOB              | INPUT     | LVCMOS25             |       |          |      |              |          |          |
| din<18>                            | IOB              | INPUT     | LVCMOS25             |       |          |      |              |          |          |
| din<19>                            | IOB              | INPUT     | LVCMOS25             |       |          |      |              |          |          |
| din<20>                            | IOB              | INPUT     | LVCMOS25             |       |          |      |              |          |          |
| din<21>                            | IOB              | INPUT     | LVCMOS25             |       |          |      |              |          |          |
| din<22>                            | IOB              | INPUT     | LVCMOS25             |       |          |      |              |          |          |
| din<23>                            | IOB              | INPUT     | LVCMOS25             |       |          |      |              |          |          |
| din<24>                            | IOB              | INPUT     | LVCMOS25             |       |          |      |              |          |          |
| din<25>                            | IOB              | INPUT     | LVCMOS25             |       |          |      |              |          |          |
| din<26>                            | IOB              | INPUT     | LVCMOS25             |       |          |      |              |          |          |
| din<27>                            | IOB              | INPUT     | LVCMOS25             |       |          |      |              |          |          |
| din<28>                            | IOB              | INPUT     | LVCMOS25             |       |          |      |              |          |          |
| din<29>                            | IOB              | INPUT     | LVCMOS25             |       |          |      |              |          |          |
| din<30>                            | IOB              | INPUT     | LVCMOS25             |       |          |      |              |          |          |
| din<31>                            | IOB              | INPUT     | LVCMOS25             |       |          |      |              |          |          |
| num_patterns<0>                    | IOB              | OUTPUT    | LVCMOS25             |       | 12       | SLOW |              |          |          |
| num_patterns<1>                    | IOB              | OUTPUT    | LVCMOS25             |       | 12       | SLOW |              |          |          |
| num_patterns<2>                    | IOB              | OUTPUT    | LVCMOS25             |       | 12       | SLOW |              |          |          |
| num_patterns<3>                    | IOB              | OUTPUT    | LVCMOS25             |       | 12       | SLOW |              |          |          |
| num_patterns<4>                    | IOB              | OUTPUT    | LVCMOS25             |       | 12       | SLOW |              |          |          |
+---------------------------------------------------------------------------------------------------------------------------------------------------------+

Section 7 - RPMs
----------------

Section 8 - Guide Report
------------------------
Guide not run on this design.

Section 9 - Area Group and Partition Summary
--------------------------------------------

Partition Implementation Status
-------------------------------

  No Partitions were found in this design.

-------------------------------

Area Group Information
----------------------

  No area groups were found in this design.

----------------------

Section 10 - Timing Report
--------------------------
This design was not run using timing mode.

Section 11 - Configuration String Details
-----------------------------------------
Use the "-detail" map option to print out Configuration Strings

Section 12 - Control Set Information
------------------------------------
No control set information for this architecture.

Section 13 - Utilization by Hierarchy
-------------------------------------
Use the "-detail" map option to print out the Utilization by Hierarchy section.
