Command line:
   tb_divider_isim_beh.exe
     -simmode  gui
     -simrunnum  0
     -socket  49258

Tue Nov 28 22:40:02 2017


 Elaboration Time: 0.0312 sec

 Current Memory Usage: 667.234 Meg

 Total Signals          : 57
 Total Nets             : 125
 Total Signal Drivers   : 35
 Total Blocks           : 6
 Total Primitive Blocks : 4
 Total Processes        : 21
 Total Traceable Variables  : 15
 Total Scalar Nets and Variables : 610
Total Line Count : 115

 Total Simulation Time: 0.0936 sec

 Current Memory Usage: 981.807 Meg

Tue Nov 28 22:41:10 2017

