Running: C:\Xilinx\14.7\ISE_DS\ISE\bin\nt64\unwrapped\fuse.exe -intstyle ise -incremental -o C:/Workspace VHDL limpio/TOC-P6/P6/tb_mult_ieee754_isim_beh.exe -prj C:/Workspace VHDL limpio/TOC-P6/P6/tb_mult_ieee754_beh.prj work.tb_mult_ieee754 
ISim P.20131013 (signature 0x7708f090)
Number of CPUs detected in this system: 4
Turning on mult-threading, number of parallel sub-compilation jobs: 8 
Determining compilation order of HDL files
Parsing VHDL file "C:/Workspace VHDL limpio/TOC-P6/P6/uc.vhd" into library work
Parsing VHDL file "C:/Workspace VHDL limpio/TOC-P6/P6/cd.vhd" into library work
Parsing VHDL file "C:/Workspace VHDL limpio/TOC-P6/P6/mult_ieee754.vhd" into library work
Parsing VHDL file "C:/Workspace VHDL limpio/TOC-P6/P6/tb_mult_ieee754.vhd" into library work
Starting static elaboration
Completed static elaboration
Compiling package standard
Compiling package std_logic_1164
Compiling package numeric_std
Compiling architecture behavioral of entity uc [uc_default]
Compiling architecture behavioral of entity cd [cd_default]
Compiling architecture behavioral of entity mult_ieee754 [mult_ieee754_default]
Compiling architecture behavioral of entity tb_mult_ieee754
Time Resolution for simulation is 1ps.
Waiting for 1 sub-compilation(s) to finish...
Compiled 10 VHDL Units
Built simulation executable C:/Workspace VHDL limpio/TOC-P6/P6/tb_mult_ieee754_isim_beh.exe
Fuse Memory Usage: 35620 KB
Fuse CPU Usage: 514 ms
