Command line:
   tb_divider_isim_beh.exe
     -simmode  gui
     -simrunnum  0
     -socket  49274

Tue Nov 28 22:55:09 2017


 Elaboration Time: 0.031201 sec

 Current Memory Usage: 667.234 Meg

 Total Signals          : 59
 Total Nets             : 113
 Total Signal Drivers   : 37
 Total Blocks           : 6
 Total Primitive Blocks : 4
 Total Processes        : 21
 Total Traceable Variables  : 16
 Total Scalar Nets and Variables : 599
Total Line Count : 110

 Total Simulation Time: 11.5753 sec

 Current Memory Usage: 667.234 Meg

Tue Nov 28 22:55:31 2017

