Running: C:\Xilinx\14.7\ISE_DS\ISE\bin\nt64\unwrapped\fuse.exe -intstyle ise -incremental -o C:/Workspace VHDL limpio/Prac4Avanzado/tb_divider_isim_beh.exe -prj C:/Workspace VHDL limpio/Prac4Avanzado/tb_divider_beh.prj work.tb_divider 
ISim P.20131013 (signature 0x7708f090)
Number of CPUs detected in this system: 4
Turning on mult-threading, number of parallel sub-compilation jobs: 8 
Determining compilation order of HDL files
Parsing VHDL file "C:/Workspace VHDL limpio/Prac4Avanzado/uc.vhd" into library work
Parsing VHDL file "C:/Workspace VHDL limpio/Prac4Avanzado/cd.vhd" into library work
Parsing VHDL file "C:/Workspace VHDL limpio/Prac4Avanzado/divider.vhd" into library work
Parsing VHDL file "C:/Workspace VHDL limpio/Prac4Avanzado/tb_divider.vhd" into library work
Starting static elaboration
Completed static elaboration
Compiling package standard
Compiling package std_logic_1164
Compiling package numeric_std
Compiling architecture rtl of entity cd [\cd(6)\]
Compiling architecture rtl of entity uc [uc_default]
Compiling architecture struct of entity divider [\divider(6)\]
Compiling architecture beh of entity tb_divider
Time Resolution for simulation is 1ps.
Waiting for 1 sub-compilation(s) to finish...
Compiled 10 VHDL Units
Built simulation executable C:/Workspace VHDL limpio/Prac4Avanzado/tb_divider_isim_beh.exe
Fuse Memory Usage: 35532 KB
Fuse CPU Usage: 483 ms
